<?xml version="1.0" encoding="UTF-8"?>
<!-- Generated by org.testng.reporters.JUnitXMLReporter -->
<testsuite ignored="0" hostname="LAPTOP-JBT9GPJG" failures="1" tests="2" name="Test_cases001,002" time="32.105" errors="0" timestamp="2026-03-15T07:19:49 IST">
  <testcase classname="testCases.TC001_AccountRegistrationTest" name="verify_acount_Registration" time="3.384"/>
  <testcase classname="testCases.TC002_LoginTest" name="verify_login" time="11.627">
    <failure type="java.lang.AssertionError" message="expected [true] but found [false]">
      <![CDATA[java.lang.AssertionError: expected [true] but found [false]
at testCases.TC002_LoginTest.verify_login(TC002_LoginTest.java:33)
at java.base/java.util.ArrayList.forEach(ArrayList.java:1511)
... Removed 31 stack frames]]>
    </failure>
  </testcase> <!-- verify_login -->
</testsuite> <!-- Test_cases001,002 -->
