<?xml version="1.0" encoding="UTF-8"?>
<testsuite xmlns:xsi="http://www.w3.org/2001/XMLSchema-instance" xsi:noNamespaceSchemaLocation="https://maven.apache.org/surefire/maven-surefire-plugin/xsd/surefire-test-report-3.0.xsd" version="3.0" name="TestSuite" time="75.565" tests="2" errors="0" skipped="0" failures="0">
  <properties>
[...]
</properties>
  <testcase name="verify_acount_Registration" classname="testCases.TC001_AccountRegistrationTest" time="11.696">
    <system-out><![CDATA[2026-03-28 09:16:15 INFO  testCases.TC001_AccountRegistrationTest - **** Starting TC001_AccountRegistration ******
2026-03-28 09:16:16 INFO  testCases.TC001_AccountRegistrationTest - Clicked on MyAccount Link
2026-03-28 09:16:19 INFO  testCases.TC001_AccountRegistrationTest - Clicked on Register Link
2026-03-28 09:16:19 INFO  testCases.TC001_AccountRegistrationTest - Providing Customer details
2026-03-28 09:16:26 INFO  testCases.TC001_AccountRegistrationTest - Validating expected message..
2026-03-28 09:16:26 INFO  testCases.TC001_AccountRegistrationTest - Test passed
2026-03-28 09:16:26 INFO  testCases.TC001_AccountRegistrationTest - *** End the TC001_AccountRegistration***
]]></system-out>
    <system-err><![CDATA[2026-03-28T03:45:40.113475600Z main INFO Starting configuration XmlConfiguration[location=C:\Users\JAYDIP\eclipse-workspace\OpenCart\target\test-classes\log4j2.xml, lastModified=2026-03-14T09:19:34.813Z]...
2026-03-28T03:45:40.115693300Z main INFO Configuration XmlConfiguration[location=C:\Users\JAYDIP\eclipse-workspace\OpenCart\target\test-classes\log4j2.xml, lastModified=2026-03-14T09:19:34.813Z] started.
2026-03-28T03:45:40.130114300Z main INFO Stopping configuration org.apache.logging.log4j.core.config.DefaultConfiguration@61230f6a...
2026-03-28T03:45:40.131164300Z main INFO Configuration org.apache.logging.log4j.core.config.DefaultConfiguration@61230f6a stopped.
Mar 28, 2026 9:16:07 AM org.openqa.selenium.devtools.CdpVersionFinder findNearestMatch
WARNING: Unable to find CDP implementation matching 146
Mar 28, 2026 9:16:08 AM org.openqa.selenium.chromium.ChromiumDriver lambda$new$5
WARNING: Unable to find version of CDP to use for 146.0.7680.153. You may need to include a dependency on a specific version of the CDP using something similar to `org.seleniumhq.selenium:selenium-devtools-v86:4.18.1` where the version ("v86") matches the version of the chromium-based browser you're using and the version number of the artifact is the same as Selenium's.
]]></system-err>
  </testcase>
  <testcase name="verify_login" classname="testCases.TC002_LoginTest" time="7.129">
    <system-out><![CDATA[2026-03-28 09:16:45 INFO  testCases.TC002_LoginTest - **********Starting TC_002)LOginTest***
2026-03-28 09:16:52 INFO  testCases.TC002_LoginTest - *********Finished TC002 Lohin Test *****
]]></system-out>
    <system-err><![CDATA[Mar 28, 2026 9:16:41 AM org.openqa.selenium.devtools.CdpVersionFinder findNearestMatch
WARNING: Unable to find CDP implementation matching 146
Mar 28, 2026 9:16:41 AM org.openqa.selenium.chromium.ChromiumDriver lambda$new$5
WARNING: Unable to find version of CDP to use for 146.0.7680.153. You may need to include a dependency on a specific version of the CDP using something similar to `org.seleniumhq.selenium:selenium-devtools-v86:4.18.1` where the version ("v86") matches the version of the chromium-based browser you're using and the version number of the artifact is the same as Selenium's.
]]></system-err>
  </testcase>
</testsuite>