<?xml version="1.0" encoding="UTF-8"?>
<testng-results ignored="0" total="2" passed="2" failed="0" skipped="0">
  <reporter-output>
  </reporter-output>
  <suite started-at="2026-03-15T16:31:15 IST" name="Master Suite" finished-at="2026-03-15T16:32:26 IST" duration-ms="70988">
    <groups>
      <group name="Master">
        <method signature="TC001_AccountRegistrationTest.verify_acount_Registration()[pri:0, instance:testCases.TC001_AccountRegistrationTest@6c0d9d86]" name="verify_acount_Registration" class="testCases.TC001_AccountRegistrationTest"/>
        <method signature="TC002_LoginTest.verify_login()[pri:0, instance:testCases.TC002_LoginTest@71812481]" name="verify_login" class="testCases.TC002_LoginTest"/>
      </group> <!-- Master -->
      <group name="Sanity">
        <method signature="TC002_LoginTest.verify_login()[pri:0, instance:testCases.TC002_LoginTest@71812481]" name="verify_login" class="testCases.TC002_LoginTest"/>
      </group> <!-- Sanity -->
      <group name="Regression">
        <method signature="TC001_AccountRegistrationTest.verify_acount_Registration()[pri:0, instance:testCases.TC001_AccountRegistrationTest@6c0d9d86]" name="verify_acount_Registration" class="testCases.TC001_AccountRegistrationTest"/>
      </group> <!-- Regression -->
    </groups>
    <test started-at="2026-03-15T16:31:15 IST" name="Test" finished-at="2026-03-15T16:32:26 IST" duration-ms="70988">
      <class name="testCases.TC002_LoginTest">
        <test-method is-config="true" signature="setup(java.lang.String,java.lang.String)[pri:0, instance:testCases.TC002_LoginTest@71812481]" started-at="2026-03-15T16:32:05 IST" name="setup" finished-at="2026-03-15T16:32:15 IST" duration-ms="9797" status="PASS">
          <params>
            <param index="0">
              <value>
                <![CDATA[windows]]>
              </value>
            </param>
            <param index="1">
              <value>
                <![CDATA[chrome]]>
              </value>
            </param>
          </params>
          <reporter-output>
          </reporter-output>
        </test-method> <!-- setup -->
        <test-method signature="verify_login()[pri:0, instance:testCases.TC002_LoginTest@71812481]" started-at="2026-03-15T16:32:15 IST" name="verify_login" finished-at="2026-03-15T16:32:25 IST" duration-ms="10193" status="PASS">
          <reporter-output>
          </reporter-output>
        </test-method> <!-- verify_login -->
        <test-method is-config="true" signature="tearDown()[pri:0, instance:testCases.TC002_LoginTest@71812481]" started-at="2026-03-15T16:32:25 IST" name="tearDown" finished-at="2026-03-15T16:32:26 IST" duration-ms="628" status="PASS">
          <reporter-output>
          </reporter-output>
        </test-method> <!-- tearDown -->
      </class> <!-- testCases.TC002_LoginTest -->
      <class name="testCases.TC001_AccountRegistrationTest">
        <test-method is-config="true" signature="setup(java.lang.String,java.lang.String)[pri:0, instance:testCases.TC001_AccountRegistrationTest@6c0d9d86]" started-at="2026-03-15T16:31:17 IST" name="setup" finished-at="2026-03-15T16:31:38 IST" duration-ms="21127" status="PASS">
          <params>
            <param index="0">
              <value>
                <![CDATA[windows]]>
              </value>
            </param>
            <param index="1">
              <value>
                <![CDATA[chrome]]>
              </value>
            </param>
          </params>
          <reporter-output>
          </reporter-output>
        </test-method> <!-- setup -->
        <test-method signature="verify_acount_Registration()[pri:0, instance:testCases.TC001_AccountRegistrationTest@6c0d9d86]" started-at="2026-03-15T16:31:38 IST" name="verify_acount_Registration" finished-at="2026-03-15T16:32:04 IST" duration-ms="26474" status="PASS">
          <reporter-output>
          </reporter-output>
        </test-method> <!-- verify_acount_Registration -->
        <test-method is-config="true" signature="tearDown()[pri:0, instance:testCases.TC001_AccountRegistrationTest@6c0d9d86]" started-at="2026-03-15T16:32:04 IST" name="tearDown" finished-at="2026-03-15T16:32:05 IST" duration-ms="893" status="PASS">
          <reporter-output>
          </reporter-output>
        </test-method> <!-- tearDown -->
      </class> <!-- testCases.TC001_AccountRegistrationTest -->
    </test> <!-- Test -->
  </suite> <!-- Master Suite -->
</testng-results>
