<?xml version="1.0" encoding="UTF-8"?>
<!-- Generated by org.testng.reporters.JUnitReportReporter -->
<testsuite hostname="LAPTOP-JBT9GPJG" failures="0" tests="5" name="testCases.TC003_LoginDDT" time="86.556" errors="0" timestamp="2026-03-15T07:49:23 IST" skipped="0">
  <testcase classname="testCases.TC003_LoginDDT" name="verify_loginDDT" time="4.038"/>
  <testcase classname="testCases.TC003_LoginDDT" name="verify_loginDDT" time="17.560"/>
  <testcase classname="testCases.TC003_LoginDDT" name="verify_loginDDT" time="16.930"/>
  <testcase classname="testCases.TC003_LoginDDT" name="verify_loginDDT" time="12.788"/>
  <testcase classname="testCases.TC003_LoginDDT" name="verify_loginDDT" time="35.240"/>
</testsuite> <!-- testCases.TC003_LoginDDT -->
